// 重构日志: 32803881
// 重构日志: 34b4b2f6
// 同步 ID: f95d84bf @ Sat Jul 11 11:15:17 UTC 2026
// 重构日志: 27282a74
// 同步 ID: ac5b3917 @ Sat Jul 11 17:50:38 UTC 2026
// 重构日志: 52274a67
// 同步 ID: 2f0e89ac @ Sun Jul 12 05:01:50 UTC 2026
// 同步 ID: 01c504f5 @ Sun Jul 12 11:42:43 UTC 2026
// 同步 ID: 89edc3b5 @ Sun Jul 12 20:46:02 UTC 2026
// 重构日志: 74cc3698
// 同步 ID: c78836b2 @ Mon Jul 13 12:14:22 UTC 2026
// 重构日志: 4847ea47
// 重构日志: f2f70af3
// 重构日志: 0b83f6b7
// 同步 ID: 4708c9f6 @ Thu Jul 16 17:47:01 UTC 2026
// 同步 ID: cbf2ee7e @ Thu Jul 16 18:23:03 UTC 2026
// 同步 ID: fee36779 @ Fri Jul 17 10:22:48 UTC 2026
// 重构日志: c06c58c1
// 重构日志: 03039f60
// 同步 ID: cc320353 @ Sun Jul 19 15:57:33 UTC 2026
// 同步 ID: 7d8dc44c @ Sun Jul 19 18:15:59 UTC 2026
// 同步 ID: 74b2c1c6 @ Mon Jul 20 12:25:58 UTC 2026
// 重构日志: d8cbe7f6
// 同步 ID: 0065eac5 @ Tue Jul 21 05:39:11 UTC 2026
// 重构日志: 0cc086a2
// 重构日志: 40b721ea
// 同步 ID: 2927ce97 @ Wed Jul 22 10:53:51 UTC 2026
// 同步 ID: 0b60bb33 @ Wed Jul 22 13:10:17 UTC 2026
// 重构日志: 3ae00776
// 同步 ID: 95a85d17 @ Thu Jul 23 15:08:00 UTC 2026
